99.05.10 01:11 B c:\document\robots\Olympics\_Team\l7team2a.prg --> ftp.enteract.com /home/schick/vhost_robotbattle.com/ftp-root/robots/normal l7team2a.prg
99.05.10 01:11 B c:\document\robots\Olympics\_Team\l7team2b.prg --> ftp.enteract.com /home/schick/vhost_robotbattle.com/ftp-root/robots/normal l7team2b.prg
99.05.15 22:52 B c:\document\robots\Olympics\_Team\BRAINO.PRG --> s4.virtualave.net /public_html/robots/_Team BRAINO.PRG
99.05.15 22:52 B c:\document\robots\Olympics\_Team\GIN.DST --> s4.virtualave.net /public_html/robots/_Team GIN.DST
99.05.15 22:53 B c:\document\robots\Olympics\_Team\l7team2a.prg --> s4.virtualave.net /public_html/robots/_Team l7team2a.prg
99.05.15 22:53 B c:\document\robots\Olympics\_Team\l7team2b.prg --> s4.virtualave.net /public_html/robots/_Team l7team2b.prg
99.05.15 22:53 B c:\document\robots\Olympics\_Team\no.dst --> s4.virtualave.net /public_html/robots/_Team no.dst
99.05.15 22:53 B c:\document\robots\Olympics\_Team\RESULTS.TXT --> s4.virtualave.net /public_html/robots/_Team RESULTS.TXT
99.05.15 22:53 B c:\document\robots\Olympics\_Team\round1.txt --> s4.virtualave.net /public_html/robots/_Team round1.txt
99.05.15 22:53 B c:\document\robots\Olympics\_Team\round2.txt --> s4.virtualave.net /public_html/robots/_Team round2.txt
99.05.15 22:53 B c:\document\robots\Olympics\_Team\round3.txt --> s4.virtualave.net /public_html/robots/_Team round3.txt
99.05.15 22:53 B c:\document\robots\Olympics\_Team\round4.txt --> s4.virtualave.net /public_html/robots/_Team round4.txt
99.05.15 22:53 B c:\document\robots\Olympics\_Team\rt-b5a.dst --> s4.virtualave.net /public_html/robots/_Team rt-b5a.dst
99.05.15 22:53 B c:\document\robots\Olympics\_Team\rt-b5b.dst --> s4.virtualave.net /public_html/robots/_Team rt-b5b.dst
99.05.15 22:53 B c:\document\robots\Olympics\_Team\rtramm.prg --> s4.virtualave.net /public_html/robots/_Team rtramm.prg
99.05.15 22:53 B c:\document\robots\Olympics\_Team\rtside.prg --> s4.virtualave.net /public_html/robots/_Team rtside.prg
99.05.15 22:53 B c:\document\robots\Olympics\_Team\SD_Bob5.prg --> s4.virtualave.net /public_html/robots/_Team SD_Bob5.prg
99.05.15 22:53 B c:\document\robots\Olympics\_Team\SD_Rat5.prg --> s4.virtualave.net /public_html/robots/_Team SD_Rat5.prg
99.05.15 22:53 B c:\document\robots\Olympics\_Team\TONIC.DST --> s4.virtualave.net /public_html/robots/_Team TONIC.DST
99.05.15 22:53 B c:\document\robots\Olympics\_Team\WS_FTP.LOG --> s4.virtualave.net /public_html/robots/_Team WS_FTP.LOG
99.05.15 22:53 B c:\document\robots\Olympics\_Team\Xchr1.dst --> s4.virtualave.net /public_html/robots/_Team Xchr1.dst
99.05.15 22:53 B c:\document\robots\Olympics\_Team\Ychr1.dst --> s4.virtualave.net /public_html/robots/_Team Ychr1.dst
99.05.15 22:54 B c:\document\robots\Olympics\_Team\yes.dst --> s4.virtualave.net /public_html/robots/_Team yes.dst
99.05.15 22:54 B c:\document\robots\Olympics\_Team\Zag2a.dst --> s4.virtualave.net /public_html/robots/_Team Zag2a.dst
99.05.15 22:54 B c:\document\robots\Olympics\_Team\Zig2a.dst --> s4.virtualave.net /public_html/robots/_Team Zig2a.dst
99.05.18 20:49 B c:\document\robots\Olympics\_Team\BRAINO.PRG --> ftp.cpinternet.com /user/lithis/homepage/jadin/_Team BRAINO.PRG
99.05.18 20:49 B c:\document\robots\Olympics\_Team\GIN.DST --> ftp.cpinternet.com /user/lithis/homepage/jadin/_Team GIN.DST
99.05.18 20:49 B c:\document\robots\Olympics\_Team\l7team2a.prg --> ftp.cpinternet.com /user/lithis/homepage/jadin/_Team l7team2a.prg
99.05.18 20:49 B c:\document\robots\Olympics\_Team\l7team2b.prg --> ftp.cpinternet.com /user/lithis/homepage/jadin/_Team l7team2b.prg
99.05.18 20:49 B c:\document\robots\Olympics\_Team\no.dst --> ftp.cpinternet.com /user/lithis/homepage/jadin/_Team no.dst
99.05.18 20:49 B c:\document\robots\Olympics\_Team\RESULTS.TXT --> ftp.cpinternet.com /user/lithis/homepage/jadin/_Team RESULTS.TXT
99.05.18 20:49 B c:\document\robots\Olympics\_Team\round1.txt --> ftp.cpinternet.com /user/lithis/homepage/jadin/_Team round1.txt
99.05.18 20:49 B c:\document\robots\Olympics\_Team\round2.txt --> ftp.cpinternet.com /user/lithis/homepage/jadin/_Team round2.txt
99.05.18 20:49 B c:\document\robots\Olympics\_Team\round3.txt --> ftp.cpinternet.com /user/lithis/homepage/jadin/_Team round3.txt
99.05.18 20:49 B c:\document\robots\Olympics\_Team\round4.txt --> ftp.cpinternet.com /user/lithis/homepage/jadin/_Team round4.txt
99.05.18 20:49 B c:\document\robots\Olympics\_Team\rt-b5a.dst --> ftp.cpinternet.com /user/lithis/homepage/jadin/_Team rt-b5a.dst
99.05.18 20:50 B c:\document\robots\Olympics\_Team\rt-b5b.dst --> ftp.cpinternet.com /user/lithis/homepage/jadin/_Team rt-b5b.dst
99.05.18 20:50 B c:\document\robots\Olympics\_Team\rtramm.prg --> ftp.cpinternet.com /user/lithis/homepage/jadin/_Team rtramm.prg
99.05.18 20:50 B c:\document\robots\Olympics\_Team\rtside.prg --> ftp.cpinternet.com /user/lithis/homepage/jadin/_Team rtside.prg
99.05.18 20:50 B c:\document\robots\Olympics\_Team\SD_Bob5.prg --> ftp.cpinternet.com /user/lithis/homepage/jadin/_Team SD_Bob5.prg
99.05.18 20:50 B c:\document\robots\Olympics\_Team\SD_Rat5.prg --> ftp.cpinternet.com /user/lithis/homepage/jadin/_Team SD_Rat5.prg
99.05.18 20:50 B c:\document\robots\Olympics\_Team\TONIC.DST --> ftp.cpinternet.com /user/lithis/homepage/jadin/_Team TONIC.DST
